cache_size=8192 stride=1        avg_misses=0.000264     avg_time=0.002724
cache_size=8192 stride=2        avg_misses=0.000166     avg_time=0.002849
cache_size=8192 stride=4        avg_misses=0.000154     avg_time=0.002870
cache_size=8192 stride=8        avg_misses=0.000117     avg_time=0.002855
cache_size=8192 stride=16       avg_misses=0.000093     avg_time=0.002861
cache_size=8192 stride=32       avg_misses=0.000111     avg_time=0.002802
cache_size=8192 stride=64       avg_misses=0.000123     avg_time=0.002435
cache_size=8192 stride=128      avg_misses=0.000049     avg_time=0.002096
cache_size=8192 stride=256      avg_misses=0.000027     avg_time=0.001999
cache_size=8192 stride=512      avg_misses=0.000029     avg_time=0.001987
cache_size=8192 stride=1024     avg_misses=0.000014     avg_time=0.001954
cache_size=8192 stride=2048     avg_misses=0.000009     avg_time=0.002079
cache_size=8192 stride=4096     avg_misses=0.000007     avg_time=0.002117
cache_size=16384        stride=1        avg_misses=0.000236     avg_time=0.002316
cache_size=16384        stride=2        avg_misses=0.000181     avg_time=0.002283
cache_size=16384        stride=4        avg_misses=0.000213     avg_time=0.002318
cache_size=16384        stride=8        avg_misses=0.000213     avg_time=0.002248
cache_size=16384        stride=16       avg_misses=0.000222     avg_time=0.002262
cache_size=16384        stride=32       avg_misses=0.000210     avg_time=0.002264
cache_size=16384        stride=64       avg_misses=0.000197     avg_time=0.002188
cache_size=16384        stride=128      avg_misses=0.000098     avg_time=0.002186
cache_size=16384        stride=256      avg_misses=0.000047     avg_time=0.002049
cache_size=16384        stride=512      avg_misses=0.000038     avg_time=0.001999
cache_size=16384        stride=1024     avg_misses=0.000012     avg_time=0.001987
cache_size=16384        stride=2048     avg_misses=0.000011     avg_time=0.002083
cache_size=16384        stride=4096     avg_misses=0.000009     avg_time=0.002173
cache_size=16384        stride=8192     avg_misses=0.000006     avg_time=0.002078
cache_size=32768        stride=1        avg_misses=0.001508     avg_time=0.002237
cache_size=32768        stride=2        avg_misses=0.001847     avg_time=0.002231
cache_size=32768        stride=4        avg_misses=0.002714     avg_time=0.002233
cache_size=32768        stride=8        avg_misses=0.004311     avg_time=0.002202
cache_size=32768        stride=16       avg_misses=0.007330     avg_time=0.002220
cache_size=32768        stride=32       avg_misses=0.008834     avg_time=0.002262
cache_size=32768        stride=64       avg_misses=0.007835     avg_time=0.002195
cache_size=32768        stride=128      avg_misses=0.000564     avg_time=0.002199
cache_size=32768        stride=256      avg_misses=0.000326     avg_time=0.002180
cache_size=32768        stride=512      avg_misses=0.000164     avg_time=0.002059
cache_size=32768        stride=1024     avg_misses=0.000068     avg_time=0.001997
cache_size=32768        stride=2048     avg_misses=0.000029     avg_time=0.002045
cache_size=32768        stride=4096     avg_misses=0.000023     avg_time=0.002188
cache_size=32768        stride=8192     avg_misses=0.000008     avg_time=0.002173
cache_size=32768        stride=16384    avg_misses=0.000004     avg_time=0.002078
cache_size=65536        stride=1        avg_misses=0.015657     avg_time=0.001980
cache_size=65536        stride=2        avg_misses=0.031300     avg_time=0.001891
cache_size=65536        stride=4        avg_misses=0.062641     avg_time=0.002149
cache_size=65536        stride=8        avg_misses=0.125328     avg_time=0.002247
cache_size=65536        stride=16       avg_misses=0.250570     avg_time=0.002149
cache_size=65536        stride=32       avg_misses=0.501047     avg_time=0.002247
cache_size=65536        stride=64       avg_misses=0.999965     avg_time=0.001823
cache_size=65536        stride=128      avg_misses=1.024172     avg_time=0.001876
cache_size=65536        stride=256      avg_misses=1.038428     avg_time=0.001910
cache_size=65536        stride=512      avg_misses=1.052016     avg_time=0.001933
cache_size=65536        stride=1024     avg_misses=1.009858     avg_time=0.001878
cache_size=65536        stride=2048     avg_misses=1.000565     avg_time=0.002212
cache_size=65536        stride=4096     avg_misses=1.041723     avg_time=0.005053
cache_size=65536        stride=8192     avg_misses=0.000023     avg_time=0.002188
cache_size=65536        stride=16384    avg_misses=0.000007     avg_time=0.002166
cache_size=65536        stride=32768    avg_misses=0.000002     avg_time=0.002078