cache_size=8192 stride=1        avg_misses=0.000436     avg_time=0.003041
cache_size=8192 stride=2        avg_misses=0.000152     avg_time=0.003381
cache_size=8192 stride=4        avg_misses=0.000040     avg_time=0.003414
cache_size=8192 stride=8        avg_misses=0.000030     avg_time=0.003328
cache_size=8192 stride=16       avg_misses=0.000023     avg_time=0.003461
cache_size=8192 stride=32       avg_misses=0.000026     avg_time=0.003253
cache_size=8192 stride=64       avg_misses=0.000050     avg_time=0.002827
cache_size=8192 stride=128      avg_misses=0.000026     avg_time=0.002413
cache_size=8192 stride=256      avg_misses=0.000021     avg_time=0.002103
cache_size=8192 stride=512      avg_misses=0.000015     avg_time=0.002035
cache_size=8192 stride=1024     avg_misses=0.000011     avg_time=0.001956
cache_size=8192 stride=2048     avg_misses=0.000013     avg_time=0.002015
cache_size=8192 stride=4096     avg_misses=0.000017     avg_time=0.002078
cache_size=16384        stride=1        avg_misses=0.000150     avg_time=0.002243
cache_size=16384        stride=2        avg_misses=0.000075     avg_time=0.002237
cache_size=16384        stride=4        avg_misses=0.000068     avg_time=0.002219
cache_size=16384        stride=8        avg_misses=0.000065     avg_time=0.002138
cache_size=16384        stride=16       avg_misses=0.000125     avg_time=0.002255
cache_size=16384        stride=32       avg_misses=0.000063     avg_time=0.002238
cache_size=16384        stride=64       avg_misses=0.000046     avg_time=0.002190
cache_size=16384        stride=128      avg_misses=0.000042     avg_time=0.002180
cache_size=16384        stride=256      avg_misses=0.000027     avg_time=0.002061
cache_size=16384        stride=512      avg_misses=0.000026     avg_time=0.001997
cache_size=16384        stride=1024     avg_misses=0.000011     avg_time=0.001984
cache_size=16384        stride=2048     avg_misses=0.000009     avg_time=0.002083
cache_size=16384        stride=4096     avg_misses=0.000006     avg_time=0.002171
cache_size=16384        stride=8192     avg_misses=0.000007     avg_time=0.002078
cache_size=32768        stride=1        avg_misses=0.000158     avg_time=0.002224
cache_size=32768        stride=2        avg_misses=0.000087     avg_time=0.002204
cache_size=32768        stride=4        avg_misses=0.000050     avg_time=0.002198
cache_size=32768        stride=8        avg_misses=0.000045     avg_time=0.002134
cache_size=32768        stride=16       avg_misses=0.000047     avg_time=0.001992
cache_size=32768        stride=32       avg_misses=0.000047     avg_time=0.002231
cache_size=32768        stride=64       avg_misses=0.000034     avg_time=0.002231
cache_size=32768        stride=128      avg_misses=0.000051     avg_time=0.002203
cache_size=32768        stride=256      avg_misses=0.000040     avg_time=0.002184
cache_size=32768        stride=512      avg_misses=0.000055     avg_time=0.002061
cache_size=32768        stride=1024     avg_misses=0.000013     avg_time=0.001999
cache_size=32768        stride=2048     avg_misses=0.000005     avg_time=0.002046
cache_size=32768        stride=4096     avg_misses=0.000005     avg_time=0.002188
cache_size=32768        stride=8192     avg_misses=0.000005     avg_time=0.002167
cache_size=32768        stride=16384    avg_misses=0.000008     avg_time=0.002084
cache_size=65536        stride=1        avg_misses=0.000507     avg_time=0.001983
cache_size=65536        stride=2        avg_misses=0.000385     avg_time=0.001902
cache_size=65536        stride=4        avg_misses=0.000467     avg_time=0.002142
cache_size=65536        stride=8        avg_misses=0.000451     avg_time=0.002262
cache_size=65536        stride=16       avg_misses=0.000460     avg_time=0.002222
cache_size=65536        stride=32       avg_misses=0.000405     avg_time=0.002288
cache_size=65536        stride=64       avg_misses=0.000548     avg_time=0.001854
cache_size=65536        stride=128      avg_misses=0.000580     avg_time=0.001885
cache_size=65536        stride=256      avg_misses=0.001064     avg_time=0.001907
cache_size=65536        stride=512      avg_misses=0.000396     avg_time=0.001924
cache_size=65536        stride=1024     avg_misses=0.000259     avg_time=0.001862
cache_size=65536        stride=2048     avg_misses=0.013221     avg_time=0.002283
cache_size=65536        stride=4096     avg_misses=0.000047     avg_time=0.005077
cache_size=65536        stride=8192     avg_misses=0.000005     avg_time=0.002192
cache_size=65536        stride=16384    avg_misses=0.000005     avg_time=0.002166
cache_size=65536        stride=32768    avg_misses=0.000005     avg_time=0.002078