Architecture:             x86_64
  CPU op-mode(s):         32-bit, 64-bit
  Address sizes:          39 bits physical, 48 bits virtual
  Byte Order:             Little Endian
CPU(s):                   6
  On-line CPU(s) list:    0-5
Vendor ID:                GenuineIntel
  Model name:             Intel(R) Core(TM) i5-8500 CPU @ 3.00GHz
    CPU family:           6
    Model:                158
    Thread(s) per core:   1
    Core(s) per socket:   6
    Socket(s):            1
    Stepping:             10
    CPU(s) scaling MHz:   23%
    CPU max MHz:          4100,0000
    CPU min MHz:          800,0000
    BogoMIPS:             6000,00
    Flags:                fpu vme de pse tsc msr pae mce cx8 apic sep mtrr pge mca cmov pat pse36 clflush dts acpi mmx fxsr sse sse2
                          ss ht tm pbe syscall nx pdpe1gb rdtscp lm constant_tsc art arch_perfmon pebs bts rep_good nopl xtopology no
                          nstop_tsc cpuid aperfmperf pni pclmulqdq dtes64 monitor ds_cpl vmx smx est tm2 ssse3 sdbg fma cx16 xtpr pdc
                          m pcid sse4_1 sse4_2 x2apic movbe popcnt tsc_deadline_timer aes xsave avx f16c rdrand lahf_lm abm 3dnowpref
                          etch cpuid_fault epb pti ssbd ibrs ibpb stibp tpr_shadow flexpriority ept vpid ept_ad fsgsbase tsc_adjust s
                          gx bmi1 hle avx2 smep bmi2 erms invpcid rtm mpx rdseed adx smap clflushopt intel_pt xsaveopt xsavec xgetbv1
                           xsaves dtherm ida arat pln pts hwp hwp_notify hwp_act_window hwp_epp vnmi sgx_lc flush_l1d
Virtualization features:
  Virtualization:         VT-x
Caches (sum of all):
  L1d:                    192 KiB (6 instances)
  L1i:                    192 KiB (6 instances)
  L2:                     1,5 MiB (6 instances)
  L3:                     9 MiB (1 instance)
NUMA:
  NUMA node(s):           1
  NUMA node0 CPU(s):      0-5
Vulnerabilities:
  Gather data sampling:   Vulnerable: No microcode
  Itlb multihit:          KVM: Mitigation: VMX disabled
  L1tf:                   Mitigation; PTE Inversion; VMX conditional cache flushes, SMT disabled
  Mds:                    Vulnerable: Clear CPU buffers attempted, no microcode; SMT disabled
  Meltdown:               Mitigation; PTI
  Mmio stale data:        Vulnerable: Clear CPU buffers attempted, no microcode; SMT disabled
  Reg file data sampling: Not affected
  Retbleed:               Mitigation; IBRS
  Spec rstack overflow:   Not affected
  Spec store bypass:      Mitigation; Speculative Store Bypass disabled via prctl
  Spectre v1:             Mitigation; usercopy/swapgs barriers and __user pointer sanitization
  Spectre v2:             Mitigation; IBRS; IBPB conditional; STIBP disabled; RSB filling; PBRSB-eIBRS Not affected; BHI Not affected
  Srbds:                  Vulnerable: No microcode
  Tsx async abort:        Vulnerable: Clear CPU buffers attempted, no microcode; SMT disabled