size    stride  elapsed(s)      cycles
[LOG]: running with array of size 4 KiB
4096    1       0.002593        2595
4096    2       0.001915        1916
4096    4       0.000650        651
4096    8       0.000673        673
4096    16      0.000693        693
4096    32      0.000721        720
4096    64      0.000719        719
4096    128     0.000714        714
4096    256     0.000700        700
4096    512     0.000715        714
4096    1024    0.000463        462
4096    2048    0.000491        490
[LOG]: running with array of size 8 KiB
8192    1       0.001311        1310
8192    2       0.001217        1216
8192    4       0.001223        1223
8192    8       0.001261        1261
8192    16      0.001250        1250
8192    32      0.001341        1341
8192    64      0.001336        1335
8192    128     0.001337        1337
8192    256     0.001349        1349
8192    512     0.001414        1414
8192    1024    0.001430        1430
8192    2048    0.000989        989
8192    4096    0.001076        1075
[LOG]: running with array of size 16 KiB
16384   1       0.002612        2611
16384   2       0.002469        2469
16384   4       0.002630        2630
16384   8       0.002675        2675
16384   16      0.002650        2649
16384   32      0.002552        2552
16384   64      0.002676        2676
16384   128     0.002792        2791
16384   256     0.002820        2820
16384   512     0.002716        2716
16384   1024    0.002640        2640
16384   2048    0.002749        2749
16384   4096    0.001984        1984
16384   8192    0.002119        2119
[LOG]: running with array of size 32 KiB
32768   1       0.005061        5061
32768   2       0.004729        4729
32768   4       0.004779        4779
32768   8       0.005071        5070
32768   16      0.005069        5069
32768   32      0.005183        5183
32768   64      0.005531        5531
32768   128     0.005829        5830
32768   256     0.007120        7120
32768   512     0.005302        5302
32768   1024    0.005489        5489
32768   2048    0.005194        5194
32768   4096    0.005259        5259
32768   8192    0.003903        3903
32768   16384   0.004193        4193
[LOG]: running with array of size 64 KiB
65536   1       0.009718        9717
65536   2       0.009701        9701
65536   4       0.009853        9853
65536   8       0.010017        10017
65536   16      0.010040        10040
65536   32      0.010596        10596
65536   64      0.010709        10709
65536   128     0.011709        11709
65536   256     0.013260        13260
65536   512     0.010577        10577
65536   1024    0.012317        12317
65536   2048    0.015930        15930
65536   4096    0.019749        19749
65536   8192    0.010090        10090
65536   16384   0.007607        7607
65536   32768   0.007742        7742
[LOG]: running with array of size 128 KiB
131072  1       0.019137        19136
131072  2       0.019529        19529
131072  4       0.019514        19513
131072  8       0.019847        19847
131072  16      0.020014        20013
131072  32      0.020612        20612
131072  64      0.020814        20813
131072  128     0.022061        22061
131072  256     0.024529        24529
131072  512     0.020552        20552
131072  1024    0.021430        21430
131072  2048    0.025622        25622
131072  4096    0.039703        39703
131072  8192    0.028320        28321
131072  16384   0.020263        20263
131072  32768   0.015440        15439
131072  65536   0.015457        15457
[LOG]: running with array of size 256 KiB
262144  1       0.038505        38505
262144  2       0.038641        38641
262144  4       0.038772        38772
262144  8       0.039821        39821
262144  16      0.039831        39831
262144  32      0.041157        41156
262144  64      0.041439        41440
262144  128     0.043907        43907
262144  256     0.048194        48194
262144  512     0.040359        40359
262144  1024    0.041406        41406
262144  2048    0.060213        60212
262144  4096    0.144866        144866
262144  8192    0.106394        106394
262144  16384   0.060265        60265
262144  32768   0.040854        40854
262144  65536   0.031485        31484
262144  131072  0.031119        31119
[LOG]: running with array of size 512 KiB
524288  1       0.084342        84342
524288  2       0.078362        78362
524288  4       0.078566        78567
524288  8       0.078847        78847
524288  16      0.077943        77943
524288  32      0.079983        79983
524288  64      0.082381        82380
524288  128     0.087050        87050
524288  256     0.094301        94301
524288  512     0.079581        79581
524288  1024    0.081584        81584
524288  2048    0.227040        227040
524288  4096    0.287875        287875
524288  8192    0.286972        286972
524288  16384   0.214717        214717
524288  32768   0.162599        162599
524288  65536   0.084019        84019
524288  131072  0.062099        62100
524288  262144  0.064583        64583
[LOG]: running with array of size 1024 KiB
1048576 1       0.154495        154495
1048576 2       0.154633        154632
1048576 4       0.155208        155208
1048576 8       0.156431        156431
1048576 16      0.158134        158133
1048576 32      0.161123        161123
1048576 64      0.180188        180188
1048576 128     0.239427        239426
1048576 256     0.271727        271727
1048576 512     0.247313        247312
1048576 1024    0.520061        520060
1048576 2048    0.565305        565305
1048576 4096    0.613219        613219
1048576 8192    0.559137        559138
1048576 16384   0.550820        550821
1048576 32768   0.550464        550464
1048576 65536   0.262525        262525
1048576 131072  0.166328        166328
1048576 262144  0.125729        125729
1048576 524288  0.128521        128521
[LOG]: running with array of size 2048 KiB
2097152 1       0.309930        309930
2097152 2       0.308700        308700
2097152 4       0.311637        311637
2097152 8       0.314916        314916
2097152 16      0.316678        316678
2097152 32      0.322173        322173
2097152 64      0.548703        548702
2097152 128     1.105236        1105236
2097152 256     1.341935        1341935
2097152 512     1.303411        1303411
2097152 1024    1.407591        1407591
2097152 2048    1.589892        1589892
2097152 4096    2.010315        2010315
2097152 8192    1.221761        1221761
2097152 16384   1.105703        1105703
2097152 32768   1.135195        1135195
2097152 65536   0.976974        976973
2097152 131072  0.662777        662777
2097152 262144  0.323419        323419
2097152 524288  0.255250        255250
2097152 1048576 0.253634        253634
[LOG]: running with array of size 4096 KiB
4194304 1       0.618446        618446
4194304 2       0.619519        619519
4194304 4       0.637188        637189
4194304 8       0.647289        647288
4194304 16      0.637966        637965
4194304 32      0.649366        649366
4194304 64      1.161869        1161869
4194304 128     2.360946        2360947
4194304 256     2.911662        2911662
4194304 512     2.982594        2982594
4194304 1024    2.866470        2866470
4194304 2048    3.330844        3330844
4194304 4096    4.122773        4122772
4194304 8192    4.299904        4299904
4194304 16384   2.775280        2775280
4194304 32768   2.248390        2248390
4194304 65536   2.325378        2325378
4194304 131072  1.735671        1735670
4194304 262144  1.034471        1034470
4194304 524288  0.659486        659487
4194304 1048576 0.513675        513675
4194304 2097152 0.520493        520494